[ 2017-01-27T11:45:19+08:00 ] 127.0.0.1 /index.php/views/blog.html
INFO: [ app_init ] --START--
INFO: Run Behavior\BuildLiteBehavior [ RunTime:0.000011s ]
INFO: [ app_init ] --END-- [ RunTime:0.000225s ]
ERR: 无法加载模块:Views

[ 2017-01-27T11:45:24+08:00 ] 127.0.0.1 /index.php/views/about.html
INFO: [ app_init ] --START--
INFO: Run Behavior\BuildLiteBehavior [ RunTime:0.000012s ]
INFO: [ app_init ] --END-- [ RunTime:0.000274s ]
ERR: 无法加载模块:Views

[ 2017-01-27T11:45:41+08:00 ] 127.0.0.1 /index.php/Home/Index/index.php?m=Home&c=index&a=index
INFO: [ app_init ] --START--
INFO: Run Behavior\BuildLiteBehavior [ RunTime:0.000011s ]
INFO: [ app_init ] --END-- [ RunTime:0.000260s ]
ERR: 无法加载模块:Esind!

[ 2017-01-27T11:45:51+08:00 ] 127.0.0.1 /index.php/Home/Index/index.php?m=Home&c=index&a=index
INFO: [ app_init ] --START--
INFO: Run Behavior\BuildLiteBehavior [ RunTime:0.000008s ]
INFO: [ app_init ] --END-- [ RunTime:0.000195s ]
ERR: 无法加载模块:Esind!

[ 2017-01-27T13:09:13+08:00 ] 127.0.0.1 /index.php/Index/single
ERR: 无法加载模块:Index

